<?xml version="1.0" encoding="UTF-8"?>
<!-- Generated by org.testng.reporters.JUnitReportReporter -->
<testsuite hostname="DESKTOP-40FNJCV" failures="0" tests="2" name="com.testannotatons.TestAnnotatons" time="0.027" errors="0" timestamp="2022-12-25T15:49:06 IST" skipped="0">
  <testcase classname="com.testannotatons.TestAnnotatons" name="Test1" time="0.018"/>
  <system-out/>
  <testcase classname="com.testannotatons.TestAnnotatons" name="Test2" time="0.009"/>
  <system-out/>
</testsuite> <!-- com.testannotatons.TestAnnotatons -->
